2025-11-04 09:46:47.020 [org.springframework.kafka.KafkaListenerEndpointContainer#1-0-C-1] INFO  o.apache.kafka.clients.NetworkClient - [Consumer clientId=consumer-legacy-system-2, groupId=legacy-system] Disconnecting from node 0 due to request timeout.
2025-11-04 09:46:46.726 [HikariPool-1:housekeeper] WARN  com.zaxxer.hikari.pool.HikariPool - HikariPool-1 - Thread starvation or clock leap detected (housekeeper delta=10h50m44s58ms724µs600ns).
2025-11-04 09:46:49.328 [org.springframework.kafka.KafkaListenerEndpointContainer#1-0-C-1] INFO  o.apache.kafka.clients.NetworkClient - [Consumer clientId=consumer-legacy-system-2, groupId=legacy-system] Cancelled in-flight FETCH request with correlation id 17146 due to node 0 being disconnected (elapsed time since creation: 39015594ms, elapsed time since send: 39015594ms, throttle time: 0ms, request timeout: 30000ms)
2025-11-04 09:46:47.144 [org.springframework.kafka.KafkaListenerEndpointContainer#0-0-C-1] INFO  o.apache.kafka.clients.NetworkClient - [Consumer clientId=consumer-email-service-1, groupId=email-service] Cancelled in-flight FETCH request with correlation id 17168 due to node 0 being disconnected (elapsed time since creation: 39015750ms, elapsed time since send: 39015750ms, throttle time: 0ms, request timeout: 30000ms)
2025-11-04 09:47:02.803 [org.springframework.kafka.KafkaListenerEndpointContainer#0-0-C-1] INFO  o.apache.kafka.clients.NetworkClient - [Consumer clientId=consumer-email-service-1, groupId=email-service] Node 2147483647 disconnected.
2025-11-04 09:46:47.027 [kafka-producer-network-thread | clock-producer-1] INFO  o.apache.kafka.clients.NetworkClient - [Producer clientId=clock-producer-1] Node 0 disconnected.
2025-11-04 09:47:02.807 [org.springframework.kafka.KafkaListenerEndpointContainer#1-0-C-1] INFO  o.a.k.clients.FetchSessionHandler - [Consumer clientId=consumer-legacy-system-2, groupId=legacy-system] Error sending fetch request (sessionId=1480143192, epoch=10050) to node 0:
org.apache.kafka.common.errors.DisconnectException: null
2025-11-04 09:47:02.807 [org.springframework.kafka.KafkaListenerEndpointContainer#0-0-C-1] INFO  o.a.k.clients.FetchSessionHandler - [Consumer clientId=consumer-email-service-1, groupId=email-service] Error sending fetch request (sessionId=952404572, epoch=10049) to node 0:
org.apache.kafka.common.errors.DisconnectException: null
2025-11-04 09:47:02.809 [kafka-coordinator-heartbeat-thread | legacy-system] INFO  o.a.k.c.c.i.ConsumerCoordinator - [Consumer clientId=consumer-legacy-system-2, groupId=legacy-system] Group coordinator host.docker.internal:9092 (id: 2147483647 rack: null) is unavailable or invalid due to cause: session timed out without receiving a heartbeat response. isDisconnected: false. Rediscovery will be attempted.
2025-11-04 09:47:02.809 [kafka-coordinator-heartbeat-thread | legacy-system] INFO  o.a.k.c.c.i.ConsumerCoordinator - [Consumer clientId=consumer-legacy-system-2, groupId=legacy-system] Requesting disconnect from last known coordinator host.docker.internal:9092 (id: 2147483647 rack: null)
2025-11-04 09:47:02.809 [kafka-coordinator-heartbeat-thread | email-service] INFO  o.a.k.c.c.i.ConsumerCoordinator - [Consumer clientId=consumer-email-service-1, groupId=email-service] Group coordinator host.docker.internal:9092 (id: 2147483647 rack: null) is unavailable or invalid due to cause: session timed out without receiving a heartbeat response. isDisconnected: false. Rediscovery will be attempted.
2025-11-04 09:47:02.809 [kafka-coordinator-heartbeat-thread | email-service] INFO  o.a.k.c.c.i.ConsumerCoordinator - [Consumer clientId=consumer-email-service-1, groupId=email-service] Requesting disconnect from last known coordinator host.docker.internal:9092 (id: 2147483647 rack: null)
2025-11-04 09:47:02.843 [org.springframework.kafka.KafkaListenerEndpointContainer#0-0-C-1] INFO  o.a.k.c.c.i.ConsumerCoordinator - [Consumer clientId=consumer-email-service-1, groupId=email-service] Discovered group coordinator host.docker.internal:9092 (id: 2147483647 rack: null)
2025-11-04 09:47:02.886 [org.springframework.kafka.KafkaListenerEndpointContainer#0-0-C-1] INFO  o.a.k.c.c.i.ConsumerCoordinator - [Consumer clientId=consumer-email-service-1, groupId=email-service] Attempt to heartbeat with Generation{generationId=55, memberId='consumer-email-service-1-fd2331f8-b6ca-44ac-8552-290e1070ef89', protocol='range'} and group instance id Optional.empty failed due to UNKNOWN_MEMBER_ID, resetting generation
2025-11-04 09:47:02.887 [org.springframework.kafka.KafkaListenerEndpointContainer#0-0-C-1] INFO  o.a.k.c.c.i.ConsumerCoordinator - [Consumer clientId=consumer-email-service-1, groupId=email-service] Resetting generation and member id due to: encountered UNKNOWN_MEMBER_ID from HEARTBEAT response
2025-11-04 09:47:02.887 [org.springframework.kafka.KafkaListenerEndpointContainer#1-0-C-1] INFO  o.a.k.c.c.i.ConsumerCoordinator - [Consumer clientId=consumer-legacy-system-2, groupId=legacy-system] Discovered group coordinator host.docker.internal:9092 (id: 2147483647 rack: null)
2025-11-04 09:47:02.887 [org.springframework.kafka.KafkaListenerEndpointContainer#0-0-C-1] INFO  o.a.k.c.c.i.ConsumerCoordinator - [Consumer clientId=consumer-email-service-1, groupId=email-service] Request joining group due to: encountered UNKNOWN_MEMBER_ID from HEARTBEAT response
2025-11-04 09:47:18.550 [org.springframework.kafka.KafkaListenerEndpointContainer#0-0-C-1] INFO  o.a.k.c.c.i.ConsumerCoordinator - [Consumer clientId=consumer-email-service-1, groupId=email-service] Giving away all assigned partitions as lost since generation/memberID has been reset,indicating that consumer is in old state or no longer part of the group
2025-11-04 09:47:18.558 [org.springframework.kafka.KafkaListenerEndpointContainer#0-0-C-1] INFO  o.a.k.c.c.i.ConsumerRebalanceListenerInvoker - [Consumer clientId=consumer-email-service-1, groupId=email-service] Lost previously assigned partitions check-out-completed-0
2025-11-04 09:47:18.798 [org.springframework.kafka.KafkaListenerEndpointContainer#1-0-C-1] INFO  o.a.k.c.c.i.ConsumerCoordinator - [Consumer clientId=consumer-legacy-system-2, groupId=legacy-system] Attempt to heartbeat with Generation{generationId=57, memberId='consumer-legacy-system-2-3678d5cd-5c34-426b-a2ee-1a5ba2886b98', protocol='range'} and group instance id Optional.empty failed due to UNKNOWN_MEMBER_ID, resetting generation
2025-11-04 09:47:18.811 [org.springframework.kafka.KafkaListenerEndpointContainer#1-0-C-1] INFO  o.a.k.c.c.i.ConsumerCoordinator - [Consumer clientId=consumer-legacy-system-2, groupId=legacy-system] Resetting generation and member id due to: encountered UNKNOWN_MEMBER_ID from HEARTBEAT response
2025-11-04 09:47:18.811 [org.springframework.kafka.KafkaListenerEndpointContainer#1-0-C-1] INFO  o.a.k.c.c.i.ConsumerCoordinator - [Consumer clientId=consumer-legacy-system-2, groupId=legacy-system] Request joining group due to: encountered UNKNOWN_MEMBER_ID from HEARTBEAT response
2025-11-04 09:47:18.811 [org.springframework.kafka.KafkaListenerEndpointContainer#1-0-C-1] INFO  o.a.k.c.c.i.ConsumerCoordinator - [Consumer clientId=consumer-legacy-system-2, groupId=legacy-system] Giving away all assigned partitions as lost since generation/memberID has been reset,indicating that consumer is in old state or no longer part of the group
2025-11-04 09:47:18.811 [org.springframework.kafka.KafkaListenerEndpointContainer#1-0-C-1] INFO  o.a.k.c.c.i.ConsumerRebalanceListenerInvoker - [Consumer clientId=consumer-legacy-system-2, groupId=legacy-system] Lost previously assigned partitions check-out-completed-0
2025-11-04 09:47:18.814 [org.springframework.kafka.KafkaListenerEndpointContainer#1-0-C-1] INFO  o.s.k.l.KafkaMessageListenerContainer - legacy-system: partitions lost: [check-out-completed-0]
2025-11-04 09:47:18.820 [org.springframework.kafka.KafkaListenerEndpointContainer#0-0-C-1] INFO  o.s.k.l.KafkaMessageListenerContainer - email-service: partitions lost: [check-out-completed-0]
2025-11-04 09:47:18.822 [org.springframework.kafka.KafkaListenerEndpointContainer#1-0-C-1] INFO  o.s.k.l.KafkaMessageListenerContainer - legacy-system: partitions revoked: [check-out-completed-0]
2025-11-04 09:47:18.826 [org.springframework.kafka.KafkaListenerEndpointContainer#0-0-C-1] INFO  o.s.k.l.KafkaMessageListenerContainer - email-service: partitions revoked: [check-out-completed-0]
2025-11-04 09:47:18.843 [org.springframework.kafka.KafkaListenerEndpointContainer#1-0-C-1] INFO  o.a.k.c.c.i.ConsumerCoordinator - [Consumer clientId=consumer-legacy-system-2, groupId=legacy-system] (Re-)joining group
2025-11-04 09:47:18.880 [org.springframework.kafka.KafkaListenerEndpointContainer#0-0-C-1] INFO  o.a.k.c.c.i.ConsumerCoordinator - [Consumer clientId=consumer-email-service-1, groupId=email-service] (Re-)joining group
2025-11-04 09:47:19.214 [org.springframework.kafka.KafkaListenerEndpointContainer#0-0-C-1] INFO  o.a.k.c.c.i.ConsumerCoordinator - [Consumer clientId=consumer-email-service-1, groupId=email-service] Request joining group due to: need to re-join with the given member-id: consumer-email-service-1-0316b6b1-dac7-4502-a7ef-792b1aa3770c
2025-11-04 09:47:19.247 [org.springframework.kafka.KafkaListenerEndpointContainer#0-0-C-1] INFO  o.a.k.c.c.i.ConsumerCoordinator - [Consumer clientId=consumer-email-service-1, groupId=email-service] (Re-)joining group
2025-11-04 09:47:19.249 [org.springframework.kafka.KafkaListenerEndpointContainer#1-0-C-1] INFO  o.a.k.c.c.i.ConsumerCoordinator - [Consumer clientId=consumer-legacy-system-2, groupId=legacy-system] Request joining group due to: need to re-join with the given member-id: consumer-legacy-system-2-2a85726a-e883-4cb9-8f46-9546b8a1cebe
2025-11-04 09:47:19.250 [org.springframework.kafka.KafkaListenerEndpointContainer#1-0-C-1] INFO  o.a.k.c.c.i.ConsumerCoordinator - [Consumer clientId=consumer-legacy-system-2, groupId=legacy-system] (Re-)joining group
2025-11-04 09:47:19.388 [org.springframework.kafka.KafkaListenerEndpointContainer#0-0-C-1] INFO  o.a.k.c.c.i.ConsumerCoordinator - [Consumer clientId=consumer-email-service-1, groupId=email-service] Successfully joined group with generation Generation{generationId=57, memberId='consumer-email-service-1-0316b6b1-dac7-4502-a7ef-792b1aa3770c', protocol='range'}
2025-11-04 09:47:19.466 [org.springframework.kafka.KafkaListenerEndpointContainer#0-0-C-1] INFO  o.a.k.c.c.i.ConsumerCoordinator - [Consumer clientId=consumer-email-service-1, groupId=email-service] Finished assignment for group at generation 57: {consumer-email-service-1-0316b6b1-dac7-4502-a7ef-792b1aa3770c=Assignment(partitions=[check-out-completed-0])}
2025-11-04 09:47:19.534 [org.springframework.kafka.KafkaListenerEndpointContainer#1-0-C-1] INFO  o.a.k.c.c.i.ConsumerCoordinator - [Consumer clientId=consumer-legacy-system-2, groupId=legacy-system] Successfully joined group with generation Generation{generationId=59, memberId='consumer-legacy-system-2-2a85726a-e883-4cb9-8f46-9546b8a1cebe', protocol='range'}
2025-11-04 09:47:19.536 [org.springframework.kafka.KafkaListenerEndpointContainer#1-0-C-1] INFO  o.a.k.c.c.i.ConsumerCoordinator - [Consumer clientId=consumer-legacy-system-2, groupId=legacy-system] Finished assignment for group at generation 59: {consumer-legacy-system-2-2a85726a-e883-4cb9-8f46-9546b8a1cebe=Assignment(partitions=[check-out-completed-0])}
2025-11-04 09:47:19.625 [org.springframework.kafka.KafkaListenerEndpointContainer#0-0-C-1] INFO  o.a.k.c.c.i.ConsumerCoordinator - [Consumer clientId=consumer-email-service-1, groupId=email-service] Successfully synced group in generation Generation{generationId=57, memberId='consumer-email-service-1-0316b6b1-dac7-4502-a7ef-792b1aa3770c', protocol='range'}
2025-11-04 09:47:19.626 [org.springframework.kafka.KafkaListenerEndpointContainer#0-0-C-1] INFO  o.a.k.c.c.i.ConsumerCoordinator - [Consumer clientId=consumer-email-service-1, groupId=email-service] Notifying assignor about the new Assignment(partitions=[check-out-completed-0])
2025-11-04 09:47:19.626 [org.springframework.kafka.KafkaListenerEndpointContainer#0-0-C-1] INFO  o.a.k.c.c.i.ConsumerRebalanceListenerInvoker - [Consumer clientId=consumer-email-service-1, groupId=email-service] Adding newly assigned partitions: check-out-completed-0
2025-11-04 09:47:19.646 [org.springframework.kafka.KafkaListenerEndpointContainer#1-0-C-1] INFO  o.a.k.c.c.i.ConsumerCoordinator - [Consumer clientId=consumer-legacy-system-2, groupId=legacy-system] Successfully synced group in generation Generation{generationId=59, memberId='consumer-legacy-system-2-2a85726a-e883-4cb9-8f46-9546b8a1cebe', protocol='range'}
2025-11-04 09:47:19.647 [org.springframework.kafka.KafkaListenerEndpointContainer#1-0-C-1] INFO  o.a.k.c.c.i.ConsumerCoordinator - [Consumer clientId=consumer-legacy-system-2, groupId=legacy-system] Notifying assignor about the new Assignment(partitions=[check-out-completed-0])
2025-11-04 09:47:19.647 [org.springframework.kafka.KafkaListenerEndpointContainer#1-0-C-1] INFO  o.a.k.c.c.i.ConsumerRebalanceListenerInvoker - [Consumer clientId=consumer-legacy-system-2, groupId=legacy-system] Adding newly assigned partitions: check-out-completed-0
2025-11-04 09:47:19.655 [org.springframework.kafka.KafkaListenerEndpointContainer#1-0-C-1] INFO  o.a.k.c.c.internals.ConsumerUtils - Setting offset for partition check-out-completed-0 to the committed offset FetchPosition{offset=61, offsetEpoch=Optional.empty, currentLeader=LeaderAndEpoch{leader=Optional[host.docker.internal:9092 (id: 0 rack: null)], epoch=0}}
2025-11-04 09:47:19.657 [org.springframework.kafka.KafkaListenerEndpointContainer#1-0-C-1] INFO  o.s.k.l.KafkaMessageListenerContainer - legacy-system: partitions assigned: [check-out-completed-0]
2025-11-04 09:47:19.676 [org.springframework.kafka.KafkaListenerEndpointContainer#0-0-C-1] INFO  o.a.k.c.c.internals.ConsumerUtils - Setting offset for partition check-out-completed-0 to the committed offset FetchPosition{offset=61, offsetEpoch=Optional.empty, currentLeader=LeaderAndEpoch{leader=Optional[host.docker.internal:9092 (id: 0 rack: null)], epoch=0}}
2025-11-04 09:47:19.676 [org.springframework.kafka.KafkaListenerEndpointContainer#0-0-C-1] INFO  o.s.k.l.KafkaMessageListenerContainer - email-service: partitions assigned: [check-out-completed-0]
2025-11-04 10:20:31.371 [org.springframework.kafka.KafkaListenerEndpointContainer#0-0-C-1] INFO  o.apache.kafka.clients.NetworkClient - [Consumer clientId=consumer-email-service-1, groupId=email-service] Disconnecting from node 0 due to request timeout.
2025-11-04 10:20:31.213 [org.springframework.kafka.KafkaListenerEndpointContainer#1-0-C-1] INFO  o.apache.kafka.clients.NetworkClient - [Consumer clientId=consumer-legacy-system-2, groupId=legacy-system] Disconnecting from node 0 due to request timeout.
2025-11-04 10:20:29.432 [HikariPool-1:housekeeper] WARN  com.zaxxer.hikari.pool.HikariPool - HikariPool-1 - Thread starvation or clock leap detected (housekeeper delta=3m6s945ms685µs800ns).
2025-11-04 10:20:35.164 [org.springframework.kafka.KafkaListenerEndpointContainer#1-0-C-1] INFO  o.apache.kafka.clients.NetworkClient - [Consumer clientId=consumer-legacy-system-2, groupId=legacy-system] Cancelled in-flight FETCH request with correlation id 21312 due to node 0 being disconnected (elapsed time since creation: 157118ms, elapsed time since send: 157118ms, throttle time: 0ms, request timeout: 30000ms)
2025-11-04 10:20:35.171 [org.springframework.kafka.KafkaListenerEndpointContainer#0-0-C-1] INFO  o.apache.kafka.clients.NetworkClient - [Consumer clientId=consumer-email-service-1, groupId=email-service] Cancelled in-flight FETCH request with correlation id 21336 due to node 0 being disconnected (elapsed time since creation: 157329ms, elapsed time since send: 157329ms, throttle time: 0ms, request timeout: 30000ms)
2025-11-04 10:20:36.047 [kafka-coordinator-heartbeat-thread | email-service] INFO  o.a.k.c.c.i.ConsumerCoordinator - [Consumer clientId=consumer-email-service-1, groupId=email-service] Group coordinator host.docker.internal:9092 (id: 2147483647 rack: null) is unavailable or invalid due to cause: session timed out without receiving a heartbeat response. isDisconnected: false. Rediscovery will be attempted.
2025-11-04 10:20:36.047 [kafka-coordinator-heartbeat-thread | email-service] INFO  o.a.k.c.c.i.ConsumerCoordinator - [Consumer clientId=consumer-email-service-1, groupId=email-service] Requesting disconnect from last known coordinator host.docker.internal:9092 (id: 2147483647 rack: null)
2025-11-04 10:20:36.047 [kafka-coordinator-heartbeat-thread | legacy-system] INFO  o.a.k.c.c.i.ConsumerCoordinator - [Consumer clientId=consumer-legacy-system-2, groupId=legacy-system] Group coordinator host.docker.internal:9092 (id: 2147483647 rack: null) is unavailable or invalid due to cause: session timed out without receiving a heartbeat response. isDisconnected: false. Rediscovery will be attempted.
2025-11-04 10:20:36.125 [kafka-coordinator-heartbeat-thread | legacy-system] INFO  o.a.k.c.c.i.ConsumerCoordinator - [Consumer clientId=consumer-legacy-system-2, groupId=legacy-system] Requesting disconnect from last known coordinator host.docker.internal:9092 (id: 2147483647 rack: null)
2025-11-04 10:20:36.437 [kafka-coordinator-heartbeat-thread | email-service] INFO  o.apache.kafka.clients.NetworkClient - [Consumer clientId=consumer-email-service-1, groupId=email-service] Client requested disconnect from node 2147483647
2025-11-04 10:20:36.438 [kafka-coordinator-heartbeat-thread | legacy-system] INFO  o.apache.kafka.clients.NetworkClient - [Consumer clientId=consumer-legacy-system-2, groupId=legacy-system] Client requested disconnect from node 2147483647
2025-11-04 10:20:36.143 [org.springframework.kafka.KafkaListenerEndpointContainer#1-0-C-1] INFO  o.a.k.clients.FetchSessionHandler - [Consumer clientId=consumer-legacy-system-2, groupId=legacy-system] Error sending fetch request (sessionId=1687131715, epoch=3538) to node 0:
org.apache.kafka.common.errors.DisconnectException: null
2025-11-04 10:20:36.328 [org.springframework.kafka.KafkaListenerEndpointContainer#0-0-C-1] INFO  o.a.k.clients.FetchSessionHandler - [Consumer clientId=consumer-email-service-1, groupId=email-service] Error sending fetch request (sessionId=177165400, epoch=3540) to node 0:
org.apache.kafka.common.errors.DisconnectException: null
2025-11-04 10:20:42.156 [org.springframework.kafka.KafkaListenerEndpointContainer#1-0-C-1] INFO  o.a.k.c.c.i.ConsumerCoordinator - [Consumer clientId=consumer-legacy-system-2, groupId=legacy-system] Discovered group coordinator host.docker.internal:9092 (id: 2147483647 rack: null)
2025-11-04 10:20:42.157 [org.springframework.kafka.KafkaListenerEndpointContainer#0-0-C-1] INFO  o.a.k.c.c.i.ConsumerCoordinator - [Consumer clientId=consumer-email-service-1, groupId=email-service] Discovered group coordinator host.docker.internal:9092 (id: 2147483647 rack: null)
2025-11-04 10:20:42.197 [org.springframework.kafka.KafkaListenerEndpointContainer#1-0-C-1] INFO  o.a.k.c.c.i.ConsumerCoordinator - [Consumer clientId=consumer-legacy-system-2, groupId=legacy-system] Discovered group coordinator host.docker.internal:9092 (id: 2147483647 rack: null)
2025-11-04 10:20:42.379 [org.springframework.kafka.KafkaListenerEndpointContainer#0-0-C-1] INFO  o.a.k.c.c.i.ConsumerCoordinator - [Consumer clientId=consumer-email-service-1, groupId=email-service] Discovered group coordinator host.docker.internal:9092 (id: 2147483647 rack: null)
2025-11-04 10:20:43.172 [org.springframework.kafka.KafkaListenerEndpointContainer#1-0-C-1] INFO  o.a.k.c.c.i.ConsumerCoordinator - [Consumer clientId=consumer-legacy-system-2, groupId=legacy-system] Discovered group coordinator host.docker.internal:9092 (id: 2147483647 rack: null)
2025-11-04 10:20:43.496 [kafka-coordinator-heartbeat-thread | email-service] INFO  o.a.k.c.c.i.ConsumerCoordinator - [Consumer clientId=consumer-email-service-1, groupId=email-service] Attempt to heartbeat with Generation{generationId=57, memberId='consumer-email-service-1-0316b6b1-dac7-4502-a7ef-792b1aa3770c', protocol='range'} and group instance id Optional.empty failed due to UNKNOWN_MEMBER_ID, resetting generation
2025-11-04 10:20:43.497 [kafka-coordinator-heartbeat-thread | legacy-system] INFO  o.a.k.c.c.i.ConsumerCoordinator - [Consumer clientId=consumer-legacy-system-2, groupId=legacy-system] Attempt to heartbeat with Generation{generationId=59, memberId='consumer-legacy-system-2-2a85726a-e883-4cb9-8f46-9546b8a1cebe', protocol='range'} and group instance id Optional.empty failed due to UNKNOWN_MEMBER_ID, resetting generation
2025-11-04 10:20:43.538 [kafka-coordinator-heartbeat-thread | email-service] INFO  o.a.k.c.c.i.ConsumerCoordinator - [Consumer clientId=consumer-email-service-1, groupId=email-service] Resetting generation and member id due to: encountered UNKNOWN_MEMBER_ID from HEARTBEAT response
2025-11-04 10:20:43.538 [kafka-coordinator-heartbeat-thread | email-service] INFO  o.a.k.c.c.i.ConsumerCoordinator - [Consumer clientId=consumer-email-service-1, groupId=email-service] Request joining group due to: encountered UNKNOWN_MEMBER_ID from HEARTBEAT response
2025-11-04 10:20:43.542 [kafka-coordinator-heartbeat-thread | legacy-system] INFO  o.a.k.c.c.i.ConsumerCoordinator - [Consumer clientId=consumer-legacy-system-2, groupId=legacy-system] Resetting generation and member id due to: encountered UNKNOWN_MEMBER_ID from HEARTBEAT response
2025-11-04 10:20:43.542 [kafka-coordinator-heartbeat-thread | legacy-system] INFO  o.a.k.c.c.i.ConsumerCoordinator - [Consumer clientId=consumer-legacy-system-2, groupId=legacy-system] Request joining group due to: encountered UNKNOWN_MEMBER_ID from HEARTBEAT response
2025-11-04 10:20:43.899 [org.springframework.kafka.KafkaListenerEndpointContainer#0-0-C-1] INFO  o.a.k.c.c.i.ConsumerCoordinator - [Consumer clientId=consumer-email-service-1, groupId=email-service] Giving away all assigned partitions as lost since generation/memberID has been reset,indicating that consumer is in old state or no longer part of the group
2025-11-04 10:20:43.912 [org.springframework.kafka.KafkaListenerEndpointContainer#1-0-C-1] INFO  o.a.k.c.c.i.ConsumerCoordinator - [Consumer clientId=consumer-legacy-system-2, groupId=legacy-system] Giving away all assigned partitions as lost since generation/memberID has been reset,indicating that consumer is in old state or no longer part of the group
2025-11-04 10:20:43.978 [org.springframework.kafka.KafkaListenerEndpointContainer#0-0-C-1] INFO  o.a.k.c.c.i.ConsumerRebalanceListenerInvoker - [Consumer clientId=consumer-email-service-1, groupId=email-service] Lost previously assigned partitions check-out-completed-0
2025-11-04 10:20:43.982 [org.springframework.kafka.KafkaListenerEndpointContainer#1-0-C-1] INFO  o.a.k.c.c.i.ConsumerRebalanceListenerInvoker - [Consumer clientId=consumer-legacy-system-2, groupId=legacy-system] Lost previously assigned partitions check-out-completed-0
2025-11-04 10:20:43.991 [org.springframework.kafka.KafkaListenerEndpointContainer#1-0-C-1] INFO  o.s.k.l.KafkaMessageListenerContainer - legacy-system: partitions lost: [check-out-completed-0]
2025-11-04 10:20:43.994 [org.springframework.kafka.KafkaListenerEndpointContainer#1-0-C-1] INFO  o.s.k.l.KafkaMessageListenerContainer - legacy-system: partitions revoked: [check-out-completed-0]
2025-11-04 10:20:43.997 [org.springframework.kafka.KafkaListenerEndpointContainer#0-0-C-1] INFO  o.s.k.l.KafkaMessageListenerContainer - email-service: partitions lost: [check-out-completed-0]
2025-11-04 10:20:44.047 [org.springframework.kafka.KafkaListenerEndpointContainer#1-0-C-1] INFO  o.a.k.c.c.i.ConsumerCoordinator - [Consumer clientId=consumer-legacy-system-2, groupId=legacy-system] (Re-)joining group
2025-11-04 10:20:44.061 [org.springframework.kafka.KafkaListenerEndpointContainer#0-0-C-1] INFO  o.s.k.l.KafkaMessageListenerContainer - email-service: partitions revoked: [check-out-completed-0]
2025-11-04 10:20:44.080 [org.springframework.kafka.KafkaListenerEndpointContainer#0-0-C-1] INFO  o.a.k.c.c.i.ConsumerCoordinator - [Consumer clientId=consumer-email-service-1, groupId=email-service] (Re-)joining group
2025-11-04 10:20:44.334 [org.springframework.kafka.KafkaListenerEndpointContainer#1-0-C-1] INFO  o.a.k.c.c.i.ConsumerCoordinator - [Consumer clientId=consumer-legacy-system-2, groupId=legacy-system] Request joining group due to: need to re-join with the given member-id: consumer-legacy-system-2-707e1eff-e2eb-4153-b116-4cf079c2620b
2025-11-04 10:20:44.336 [org.springframework.kafka.KafkaListenerEndpointContainer#1-0-C-1] INFO  o.a.k.c.c.i.ConsumerCoordinator - [Consumer clientId=consumer-legacy-system-2, groupId=legacy-system] (Re-)joining group
2025-11-04 10:20:44.352 [org.springframework.kafka.KafkaListenerEndpointContainer#0-0-C-1] INFO  o.a.k.c.c.i.ConsumerCoordinator - [Consumer clientId=consumer-email-service-1, groupId=email-service] Request joining group due to: need to re-join with the given member-id: consumer-email-service-1-e9645da4-a7e3-44d6-b3bc-9a3dee36a863
2025-11-04 10:20:44.353 [org.springframework.kafka.KafkaListenerEndpointContainer#0-0-C-1] INFO  o.a.k.c.c.i.ConsumerCoordinator - [Consumer clientId=consumer-email-service-1, groupId=email-service] (Re-)joining group
2025-11-04 10:20:44.547 [org.springframework.kafka.KafkaListenerEndpointContainer#1-0-C-1] INFO  o.a.k.c.c.i.ConsumerCoordinator - [Consumer clientId=consumer-legacy-system-2, groupId=legacy-system] Successfully joined group with generation Generation{generationId=61, memberId='consumer-legacy-system-2-707e1eff-e2eb-4153-b116-4cf079c2620b', protocol='range'}
2025-11-04 10:20:44.552 [org.springframework.kafka.KafkaListenerEndpointContainer#0-0-C-1] INFO  o.a.k.c.c.i.ConsumerCoordinator - [Consumer clientId=consumer-email-service-1, groupId=email-service] Successfully joined group with generation Generation{generationId=59, memberId='consumer-email-service-1-e9645da4-a7e3-44d6-b3bc-9a3dee36a863', protocol='range'}
2025-11-04 10:20:44.568 [org.springframework.kafka.KafkaListenerEndpointContainer#0-0-C-1] INFO  o.a.k.c.c.i.ConsumerCoordinator - [Consumer clientId=consumer-email-service-1, groupId=email-service] Finished assignment for group at generation 59: {consumer-email-service-1-e9645da4-a7e3-44d6-b3bc-9a3dee36a863=Assignment(partitions=[check-out-completed-0])}
2025-11-04 10:20:44.568 [org.springframework.kafka.KafkaListenerEndpointContainer#1-0-C-1] INFO  o.a.k.c.c.i.ConsumerCoordinator - [Consumer clientId=consumer-legacy-system-2, groupId=legacy-system] Finished assignment for group at generation 61: {consumer-legacy-system-2-707e1eff-e2eb-4153-b116-4cf079c2620b=Assignment(partitions=[check-out-completed-0])}
2025-11-04 10:20:44.628 [org.springframework.kafka.KafkaListenerEndpointContainer#0-0-C-1] INFO  o.a.k.c.c.i.ConsumerCoordinator - [Consumer clientId=consumer-email-service-1, groupId=email-service] Successfully synced group in generation Generation{generationId=59, memberId='consumer-email-service-1-e9645da4-a7e3-44d6-b3bc-9a3dee36a863', protocol='range'}
2025-11-04 10:20:44.628 [org.springframework.kafka.KafkaListenerEndpointContainer#1-0-C-1] INFO  o.a.k.c.c.i.ConsumerCoordinator - [Consumer clientId=consumer-legacy-system-2, groupId=legacy-system] Successfully synced group in generation Generation{generationId=61, memberId='consumer-legacy-system-2-707e1eff-e2eb-4153-b116-4cf079c2620b', protocol='range'}
2025-11-04 10:20:44.639 [org.springframework.kafka.KafkaListenerEndpointContainer#0-0-C-1] INFO  o.a.k.c.c.i.ConsumerCoordinator - [Consumer clientId=consumer-email-service-1, groupId=email-service] Notifying assignor about the new Assignment(partitions=[check-out-completed-0])
2025-11-04 10:20:44.639 [org.springframework.kafka.KafkaListenerEndpointContainer#1-0-C-1] INFO  o.a.k.c.c.i.ConsumerCoordinator - [Consumer clientId=consumer-legacy-system-2, groupId=legacy-system] Notifying assignor about the new Assignment(partitions=[check-out-completed-0])
2025-11-04 10:20:44.639 [org.springframework.kafka.KafkaListenerEndpointContainer#0-0-C-1] INFO  o.a.k.c.c.i.ConsumerRebalanceListenerInvoker - [Consumer clientId=consumer-email-service-1, groupId=email-service] Adding newly assigned partitions: check-out-completed-0
2025-11-04 10:20:44.639 [org.springframework.kafka.KafkaListenerEndpointContainer#1-0-C-1] INFO  o.a.k.c.c.i.ConsumerRebalanceListenerInvoker - [Consumer clientId=consumer-legacy-system-2, groupId=legacy-system] Adding newly assigned partitions: check-out-completed-0
2025-11-04 10:20:44.688 [org.springframework.kafka.KafkaListenerEndpointContainer#0-0-C-1] INFO  o.a.k.c.c.internals.ConsumerUtils - Setting offset for partition check-out-completed-0 to the committed offset FetchPosition{offset=61, offsetEpoch=Optional.empty, currentLeader=LeaderAndEpoch{leader=Optional[host.docker.internal:9092 (id: 0 rack: null)], epoch=0}}
2025-11-04 10:20:44.688 [org.springframework.kafka.KafkaListenerEndpointContainer#1-0-C-1] INFO  o.a.k.c.c.internals.ConsumerUtils - Setting offset for partition check-out-completed-0 to the committed offset FetchPosition{offset=61, offsetEpoch=Optional.empty, currentLeader=LeaderAndEpoch{leader=Optional[host.docker.internal:9092 (id: 0 rack: null)], epoch=0}}
2025-11-04 10:20:44.690 [org.springframework.kafka.KafkaListenerEndpointContainer#0-0-C-1] INFO  o.s.k.l.KafkaMessageListenerContainer - email-service: partitions assigned: [check-out-completed-0]
2025-11-04 10:20:44.690 [org.springframework.kafka.KafkaListenerEndpointContainer#1-0-C-1] INFO  o.s.k.l.KafkaMessageListenerContainer - legacy-system: partitions assigned: [check-out-completed-0]
2025-11-04 10:59:32.000 [org.springframework.kafka.KafkaListenerEndpointContainer#1-0-C-1] INFO  o.a.k.c.c.i.ConsumerRebalanceListenerInvoker - [Consumer clientId=consumer-legacy-system-2, groupId=legacy-system] Revoke previously assigned partitions check-out-completed-0
2025-11-04 10:59:32.000 [org.springframework.kafka.KafkaListenerEndpointContainer#0-0-C-1] INFO  o.a.k.c.c.i.ConsumerRebalanceListenerInvoker - [Consumer clientId=consumer-email-service-1, groupId=email-service] Revoke previously assigned partitions check-out-completed-0
2025-11-04 10:59:32.015 [org.springframework.kafka.KafkaListenerEndpointContainer#1-0-C-1] INFO  o.s.k.l.KafkaMessageListenerContainer - legacy-system: partitions revoked: [check-out-completed-0]
2025-11-04 10:59:32.015 [org.springframework.kafka.KafkaListenerEndpointContainer#0-0-C-1] INFO  o.s.k.l.KafkaMessageListenerContainer - email-service: partitions revoked: [check-out-completed-0]
2025-11-04 10:59:32.018 [org.springframework.kafka.KafkaListenerEndpointContainer#1-0-C-1] INFO  o.a.k.c.c.i.ConsumerCoordinator - [Consumer clientId=consumer-legacy-system-2, groupId=legacy-system] Member consumer-legacy-system-2-707e1eff-e2eb-4153-b116-4cf079c2620b sending LeaveGroup request to coordinator host.docker.internal:9092 (id: 2147483647 rack: null) due to the consumer unsubscribed from all topics
2025-11-04 10:59:32.018 [org.springframework.kafka.KafkaListenerEndpointContainer#0-0-C-1] INFO  o.a.k.c.c.i.ConsumerCoordinator - [Consumer clientId=consumer-email-service-1, groupId=email-service] Member consumer-email-service-1-e9645da4-a7e3-44d6-b3bc-9a3dee36a863 sending LeaveGroup request to coordinator host.docker.internal:9092 (id: 2147483647 rack: null) due to the consumer unsubscribed from all topics
2025-11-04 10:59:32.028 [org.springframework.kafka.KafkaListenerEndpointContainer#0-0-C-1] INFO  o.a.k.c.c.i.ConsumerCoordinator - [Consumer clientId=consumer-email-service-1, groupId=email-service] Resetting generation and member id due to: consumer pro-actively leaving the group
2025-11-04 10:59:32.028 [org.springframework.kafka.KafkaListenerEndpointContainer#1-0-C-1] INFO  o.a.k.c.c.i.ConsumerCoordinator - [Consumer clientId=consumer-legacy-system-2, groupId=legacy-system] Resetting generation and member id due to: consumer pro-actively leaving the group
2025-11-04 10:59:32.028 [org.springframework.kafka.KafkaListenerEndpointContainer#0-0-C-1] INFO  o.a.k.c.c.i.ConsumerCoordinator - [Consumer clientId=consumer-email-service-1, groupId=email-service] Request joining group due to: consumer pro-actively leaving the group
2025-11-04 10:59:32.028 [org.springframework.kafka.KafkaListenerEndpointContainer#1-0-C-1] INFO  o.a.k.c.c.i.ConsumerCoordinator - [Consumer clientId=consumer-legacy-system-2, groupId=legacy-system] Request joining group due to: consumer pro-actively leaving the group
2025-11-04 10:59:32.028 [org.springframework.kafka.KafkaListenerEndpointContainer#0-0-C-1] INFO  o.a.k.c.c.i.ClassicKafkaConsumer - [Consumer clientId=consumer-email-service-1, groupId=email-service] Unsubscribed all topics or patterns and assigned partitions
2025-11-04 10:59:32.028 [org.springframework.kafka.KafkaListenerEndpointContainer#1-0-C-1] INFO  o.a.k.c.c.i.ClassicKafkaConsumer - [Consumer clientId=consumer-legacy-system-2, groupId=legacy-system] Unsubscribed all topics or patterns and assigned partitions
2025-11-04 10:59:32.094 [org.springframework.kafka.KafkaListenerEndpointContainer#1-0-C-1] INFO  o.a.k.c.c.i.ConsumerCoordinator - [Consumer clientId=consumer-legacy-system-2, groupId=legacy-system] Resetting generation and member id due to: consumer pro-actively leaving the group
2025-11-04 10:59:32.094 [org.springframework.kafka.KafkaListenerEndpointContainer#0-0-C-1] INFO  o.a.k.c.c.i.ConsumerCoordinator - [Consumer clientId=consumer-email-service-1, groupId=email-service] Resetting generation and member id due to: consumer pro-actively leaving the group
2025-11-04 10:59:32.094 [org.springframework.kafka.KafkaListenerEndpointContainer#1-0-C-1] INFO  o.a.k.c.c.i.ConsumerCoordinator - [Consumer clientId=consumer-legacy-system-2, groupId=legacy-system] Request joining group due to: consumer pro-actively leaving the group
2025-11-04 10:59:32.094 [org.springframework.kafka.KafkaListenerEndpointContainer#0-0-C-1] INFO  o.a.k.c.c.i.ConsumerCoordinator - [Consumer clientId=consumer-email-service-1, groupId=email-service] Request joining group due to: consumer pro-actively leaving the group
2025-11-04 10:59:32.310 [org.springframework.kafka.KafkaListenerEndpointContainer#1-0-C-1] INFO  o.a.kafka.common.metrics.Metrics - Metrics scheduler closed
2025-11-04 10:59:32.311 [org.springframework.kafka.KafkaListenerEndpointContainer#1-0-C-1] INFO  o.a.kafka.common.metrics.Metrics - Closing reporter org.apache.kafka.common.metrics.JmxReporter
2025-11-04 10:59:32.311 [org.springframework.kafka.KafkaListenerEndpointContainer#0-0-C-1] INFO  o.a.kafka.common.metrics.Metrics - Metrics scheduler closed
2025-11-04 10:59:32.311 [org.springframework.kafka.KafkaListenerEndpointContainer#0-0-C-1] INFO  o.a.kafka.common.metrics.Metrics - Closing reporter org.apache.kafka.common.metrics.JmxReporter
2025-11-04 10:59:32.312 [org.springframework.kafka.KafkaListenerEndpointContainer#1-0-C-1] INFO  o.a.kafka.common.metrics.Metrics - Closing reporter org.apache.kafka.common.telemetry.internals.ClientTelemetryReporter
2025-11-04 10:59:32.312 [org.springframework.kafka.KafkaListenerEndpointContainer#1-0-C-1] INFO  o.a.kafka.common.metrics.Metrics - Metrics reporters closed
2025-11-04 10:59:32.312 [org.springframework.kafka.KafkaListenerEndpointContainer#0-0-C-1] INFO  o.a.kafka.common.metrics.Metrics - Closing reporter org.apache.kafka.common.telemetry.internals.ClientTelemetryReporter
2025-11-04 10:59:32.312 [org.springframework.kafka.KafkaListenerEndpointContainer#0-0-C-1] INFO  o.a.kafka.common.metrics.Metrics - Metrics reporters closed
2025-11-04 10:59:32.369 [org.springframework.kafka.KafkaListenerEndpointContainer#1-0-C-1] INFO  o.a.kafka.common.utils.AppInfoParser - App info kafka.consumer for consumer-legacy-system-2 unregistered
2025-11-04 10:59:32.369 [org.springframework.kafka.KafkaListenerEndpointContainer#0-0-C-1] INFO  o.a.kafka.common.utils.AppInfoParser - App info kafka.consumer for consumer-email-service-1 unregistered
2025-11-04 10:59:32.379 [org.springframework.kafka.KafkaListenerEndpointContainer#1-0-C-1] INFO  o.s.k.l.KafkaMessageListenerContainer - legacy-system: Consumer stopped
2025-11-04 10:59:32.379 [org.springframework.kafka.KafkaListenerEndpointContainer#0-0-C-1] INFO  o.s.k.l.KafkaMessageListenerContainer - email-service: Consumer stopped
2025-11-04 10:59:32.391 [SpringApplicationShutdownHook] INFO  o.s.b.w.e.tomcat.GracefulShutdown - Commencing graceful shutdown. Waiting for active requests to complete
2025-11-04 10:59:32.682 [tomcat-shutdown] INFO  o.s.b.w.e.tomcat.GracefulShutdown - Graceful shutdown complete
2025-11-04 10:59:32.694 [SpringApplicationShutdownHook] INFO  o.a.k.clients.producer.KafkaProducer - [Producer clientId=clock-producer-1] Closing the Kafka producer with timeoutMillis = 30000 ms.
2025-11-04 10:59:32.715 [SpringApplicationShutdownHook] INFO  o.a.kafka.common.metrics.Metrics - Metrics scheduler closed
2025-11-04 10:59:32.715 [SpringApplicationShutdownHook] INFO  o.a.kafka.common.metrics.Metrics - Closing reporter org.apache.kafka.common.metrics.JmxReporter
2025-11-04 10:59:32.716 [SpringApplicationShutdownHook] INFO  o.a.kafka.common.metrics.Metrics - Closing reporter org.apache.kafka.common.telemetry.internals.ClientTelemetryReporter
2025-11-04 10:59:32.716 [SpringApplicationShutdownHook] INFO  o.a.kafka.common.metrics.Metrics - Metrics reporters closed
2025-11-04 10:59:32.718 [SpringApplicationShutdownHook] INFO  o.a.kafka.common.utils.AppInfoParser - App info kafka.producer for clock-producer-1 unregistered
2025-11-04 10:59:32.785 [SpringApplicationShutdownHook] INFO  o.s.o.j.LocalContainerEntityManagerFactoryBean - Closing JPA EntityManagerFactory for persistence unit 'default'
2025-11-04 10:59:32.830 [SpringApplicationShutdownHook] INFO  com.zaxxer.hikari.HikariDataSource - HikariPool-1 - Shutdown initiated...
2025-11-04 10:59:32.838 [SpringApplicationShutdownHook] INFO  com.zaxxer.hikari.HikariDataSource - HikariPool-1 - Shutdown completed.
